{
  items = {
    [ "minecraft:acacia_planks" ] = {
      chests = {
        [ "minecraft:chest_5" ] = {
          36,
        },
      },
      count = 1,
      free = 63,
    },
    [ "minecraft:dripstone_block" ] = {
      chests = {
        [ "minecraft:chest_5" ] = {
          40,
        },
      },
      count = 1,
      free = 63,
    },
    [ "minecraft:oak_planks" ] = {
      chests = {
        [ "minecraft:chest_5" ] = {
          32,
        },
        [ "minecraft:chest_6" ] = {
          23,
          24,
          25,
          26,
          27,
          28,
          29,
          30,
          31,
          32,
          33,
          34,
          35,
          36,
          37,
          38,
          39,
          40,
        },
      },
      count = 1153,
      free = 63,
    },
    [ "minecraft:andesite" ] = {
      chests = {
        [ "minecraft:chest_5" ] = {
          51,
        },
      },
      count = 1,
      free = 63,
    },
    [ "minecraft:diorite" ] = {
      chests = {
        [ "minecraft:chest_5" ] = {
          49,
        },
      },
      count = 1,
      free = 63,
    },
    [ "minecraft:deepslate" ] = {
      chests = {
        [ "minecraft:chest_5" ] = {
          53,
        },
      },
      count = 1,
      free = 63,
    },
    [ "minecraft:rooted_dirt" ] = {
      chests = {
        [ "minecraft:chest_5" ] = {
          45,
        },
      },
      count = 1,
      free = 63,
    },
    [ "minecraft:granite" ] = {
      chests = {
        [ "minecraft:chest_5" ] = {
          47,
        },
      },
      count = 1,
      free = 63,
    },
    [ "minecraft:cobblestone" ] = {
      chests = {
        [ "minecraft:chest_5" ] = {
          1,
          2,
          3,
          4,
          5,
          6,
          7,
          8,
          9,
          10,
          11,
          12,
          13,
          14,
          15,
          16,
        },
        [ "minecraft:chest_6" ] = {
          21,
          22,
        },
      },
      count = 1089,
      free = 63,
    },
    [ "minecraft:birch_planks" ] = {
      chests = {
        [ "minecraft:chest_5" ] = {
          34,
        },
      },
      count = 1,
      free = 63,
    },
    empty = {
      chests = {
        [ "minecraft:chest_4" ] = {
          1,
          2,
          3,
          4,
          5,
          6,
          7,
          8,
          9,
          10,
          11,
          12,
          13,
          14,
          15,
          16,
          17,
          18,
          19,
          20,
          21,
          22,
          23,
          24,
          25,
          26,
          27,
          28,
          29,
          30,
          31,
          32,
          33,
          34,
          35,
          36,
          37,
          38,
          39,
          40,
          41,
          42,
          43,
          44,
          45,
          46,
          47,
          48,
          49,
          50,
          51,
          52,
          53,
          54,
        },
        [ "minecraft:chest_6" ] = {
          41,
          42,
          43,
          44,
          45,
          46,
          47,
          48,
          49,
          50,
          51,
          52,
          53,
          54,
        },
        [ "minecraft:chest_1" ] = {
          1,
          2,
          3,
          4,
          5,
          6,
          7,
          8,
          9,
          10,
          11,
          12,
          13,
          14,
          15,
          16,
          17,
          18,
          19,
          20,
          21,
          22,
          23,
          24,
          25,
          26,
          27,
          28,
          29,
          30,
          31,
          32,
          33,
          34,
          35,
          36,
          37,
          38,
          39,
          40,
          41,
          42,
          43,
          44,
          45,
          46,
          47,
          48,
          49,
          50,
          51,
          52,
          53,
          54,
        },
        [ "minecraft:chest_2" ] = {
          1,
          2,
          3,
          4,
          5,
          6,
          7,
          8,
          9,
          10,
          11,
          12,
          13,
          14,
          15,
          16,
          17,
          18,
          19,
          20,
          21,
          22,
          23,
          24,
          25,
          26,
          27,
          28,
          29,
          30,
          31,
          32,
          33,
          34,
          35,
          36,
          37,
          38,
          39,
          40,
          41,
          42,
          43,
          44,
          45,
          46,
          47,
          48,
          49,
          50,
          51,
          52,
          53,
          54,
        },
        [ "minecraft:chest_5" ] = {
          17,
          18,
          23,
          24,
          25,
          26,
          27,
        },
        [ "minecraft:chest_3" ] = {
          1,
          2,
          3,
          4,
          5,
          6,
          7,
          8,
          9,
          10,
          11,
          12,
          13,
          14,
          15,
          16,
          17,
          18,
          19,
          20,
          21,
          22,
          23,
          24,
          25,
          26,
          27,
          28,
          29,
          30,
          31,
          32,
          33,
          34,
          35,
          36,
          37,
          38,
          39,
          40,
          41,
          42,
          43,
          44,
          45,
          46,
          47,
          48,
          49,
          50,
          51,
          52,
          53,
          54,
        },
      },
      count = 237,
      free = 15168,
    },
    [ "minecraft:polished_granite" ] = {
      chests = {
        [ "minecraft:chest_5" ] = {
          48,
        },
      },
      count = 1,
      free = 63,
    },
    [ "minecraft:cobbled_deepslate" ] = {
      chests = {
        [ "minecraft:chest_5" ] = {
          54,
        },
      },
      count = 1,
      free = 63,
    },
    [ "minecraft:tuff" ] = {
      chests = {
        [ "minecraft:chest_5" ] = {
          39,
        },
      },
      count = 1,
      free = 63,
    },
    [ "minecraft:oak_log" ] = {
      chests = {
        [ "minecraft:chest_5" ] = {
          19,
          20,
          21,
          22,
          28,
        },
        [ "minecraft:chest_6" ] = {
          1,
          2,
          3,
          4,
          5,
          6,
          7,
          8,
          9,
          10,
          11,
          12,
          13,
          14,
          15,
          16,
          17,
          18,
          19,
          20,
        },
      },
      count = 1600,
      free = 0,
    },
    [ "minecraft:spruce_planks" ] = {
      chests = {
        [ "minecraft:chest_5" ] = {
          33,
        },
      },
      count = 1,
      free = 63,
    },
    [ "minecraft:polished_diorite" ] = {
      chests = {
        [ "minecraft:chest_5" ] = {
          50,
        },
      },
      count = 1,
      free = 63,
    },
    [ "minecraft:stone" ] = {
      chests = {
        [ "minecraft:chest_5" ] = {
          46,
        },
      },
      count = 1,
      free = 63,
    },
    [ "minecraft:polished_andesite" ] = {
      chests = {
        [ "minecraft:chest_5" ] = {
          52,
        },
      },
      count = 1,
      free = 63,
    },
    [ "minecraft:jungle_planks" ] = {
      chests = {
        [ "minecraft:chest_5" ] = {
          35,
        },
      },
      count = 1,
      free = 63,
    },
    [ "minecraft:podzol" ] = {
      chests = {
        [ "minecraft:chest_5" ] = {
          44,
        },
      },
      count = 1,
      free = 63,
    },
    [ "minecraft:grass_block" ] = {
      chests = {
        [ "minecraft:chest_5" ] = {
          41,
        },
      },
      count = 1,
      free = 63,
    },
    [ "minecraft:warped_nylium" ] = {
      chests = {
        [ "minecraft:chest_5" ] = {
          31,
        },
      },
      count = 1,
      free = 63,
    },
    [ "minecraft:polished_deepslate" ] = {
      chests = {
        [ "minecraft:chest_5" ] = {
          37,
        },
      },
      count = 1,
      free = 63,
    },
    [ "minecraft:crimson_nylium" ] = {
      chests = {
        [ "minecraft:chest_5" ] = {
          30,
        },
      },
      count = 1,
      free = 63,
    },
    [ "minecraft:dirt" ] = {
      chests = {
        [ "minecraft:chest_5" ] = {
          42,
        },
      },
      count = 1,
      free = 63,
    },
    [ "minecraft:calcite" ] = {
      chests = {
        [ "minecraft:chest_5" ] = {
          38,
        },
      },
      count = 1,
      free = 63,
    },
    [ "minecraft:coarse_dirt" ] = {
      chests = {
        [ "minecraft:chest_5" ] = {
          43,
        },
      },
      count = 1,
      free = 63,
    },
    [ "minecraft:mud" ] = {
      chests = {
        [ "minecraft:chest_5" ] = {
          29,
        },
      },
      count = 1,
      free = 63,
    },
  },
  config = {
    outChest = "minecraft:chest_1",
    outTank = "create:fluid_tank_2",
  },
  chests = {
    [ "minecraft:chest_4" ] = {
      empty = {
        slots = {
          1,
          2,
          3,
          4,
          5,
          6,
          7,
          8,
          9,
          10,
          11,
          12,
          13,
          14,
          15,
          16,
          17,
          18,
          19,
          20,
          21,
          22,
          23,
          24,
          25,
          26,
          27,
          28,
          29,
          30,
          31,
          32,
          33,
          34,
          35,
          36,
          37,
          38,
          39,
          40,
          41,
          42,
          43,
          44,
          45,
          46,
          47,
          48,
          49,
          50,
          51,
          52,
          53,
          54,
        },
        emptyCapacity = 3456,
      },
      count = 0,
      slots = {
        {
          maxCount = 64,
          count = 0,
          displayName = "",
        },
        {
          maxCount = 64,
          count = 0,
          displayName = "",
        },
        {
          maxCount = 64,
          count = 0,
          displayName = "",
        },
        {
          maxCount = 64,
          count = 0,
          displayName = "",
        },
        {
          maxCount = 64,
          count = 0,
          displayName = "",
        },
        {
          maxCount = 64,
          count = 0,
          displayName = "",
        },
        {
          maxCount = 64,
          count = 0,
          displayName = "",
        },
        {
          maxCount = 64,
          count = 0,
          displayName = "",
        },
        {
          maxCount = 64,
          count = 0,
          displayName = "",
        },
        {
          maxCount = 64,
          count = 0,
          displayName = "",
        },
        {
          maxCount = 64,
          count = 0,
          displayName = "",
        },
        {
          maxCount = 64,
          count = 0,
          displayName = "",
        },
        {
          maxCount = 64,
          count = 0,
          displayName = "",
        },
        {
          maxCount = 64,
          count = 0,
          displayName = "",
        },
        {
          maxCount = 64,
          count = 0,
          displayName = "",
        },
        {
          maxCount = 64,
          count = 0,
          displayName = "",
        },
        {
          maxCount = 64,
          count = 0,
          displayName = "",
        },
        {
          maxCount = 64,
          count = 0,
          displayName = "",
        },
        {
          maxCount = 64,
          count = 0,
          displayName = "",
        },
        {
          maxCount = 64,
          count = 0,
          displayName = "",
        },
        {
          maxCount = 64,
          count = 0,
          displayName = "",
        },
        {
          maxCount = 64,
          count = 0,
          displayName = "",
        },
        {
          maxCount = 64,
          count = 0,
          displayName = "",
        },
        {
          maxCount = 64,
          count = 0,
          displayName = "",
        },
        {
          maxCount = 64,
          count = 0,
          displayName = "",
        },
        {
          maxCount = 64,
          count = 0,
          displayName = "",
        },
        {
          maxCount = 64,
          count = 0,
          displayName = "",
        },
        {
          maxCount = 64,
          count = 0,
          displayName = "",
        },
        {
          maxCount = 64,
          count = 0,
          displayName = "",
        },
        {
          maxCount = 64,
          count = 0,
          displayName = "",
        },
        {
          maxCount = 64,
          count = 0,
          displayName = "",
        },
        {
          maxCount = 64,
          count = 0,
          displayName = "",
        },
        {
          maxCount = 64,
          count = 0,
          displayName = "",
        },
        {
          maxCount = 64,
          count = 0,
          displayName = "",
        },
        {
          maxCount = 64,
          count = 0,
          displayName = "",
        },
        {
          maxCount = 64,
          count = 0,
          displayName = "",
        },
        {
          maxCount = 64,
          count = 0,
          displayName = "",
        },
        {
          maxCount = 64,
          count = 0,
          displayName = "",
        },
        {
          maxCount = 64,
          count = 0,
          displayName = "",
        },
        {
          maxCount = 64,
          count = 0,
          displayName = "",
        },
        {
          maxCount = 64,
          count = 0,
          displayName = "",
        },
        {
          maxCount = 64,
          count = 0,
          displayName = "",
        },
        {
          maxCount = 64,
          count = 0,
          displayName = "",
        },
        {
          maxCount = 64,
          count = 0,
          displayName = "",
        },
        {
          maxCount = 64,
          count = 0,
          displayName = "",
        },
        {
          maxCount = 64,
          count = 0,
          displayName = "",
        },
        {
          maxCount = 64,
          count = 0,
          displayName = "",
        },
        {
          maxCount = 64,
          count = 0,
          displayName = "",
        },
        {
          maxCount = 64,
          count = 0,
          displayName = "",
        },
        {
          maxCount = 64,
          count = 0,
          displayName = "",
        },
        {
          maxCount = 64,
          count = 0,
          displayName = "",
        },
        {
          maxCount = 64,
          count = 0,
          displayName = "",
        },
        {
          maxCount = 64,
          count = 0,
          displayName = "",
        },
        {
          maxCount = 64,
          count = 0,
          displayName = "",
        },
      },
    },
    [ "minecraft:chest_6" ] = {
      empty = {
        slots = {
          41,
          42,
          43,
          44,
          45,
          46,
          47,
          48,
          49,
          50,
          51,
          52,
          53,
          54,
        },
        emptyCapacity = 896,
      },
      count = 2434,
      slots = {
        {
          name = "minecraft:oak_log",
          itemGroups = {
            {
              id = "buildingBlocks",
              displayName = "Building Blocks",
            },
          },
          tags = {
            [ "minecraft:completes_find_tree_tutorial" ] = true,
            [ "minecraft:oak_logs" ] = true,
            [ "minecraft:logs_that_burn" ] = true,
            [ "minecraft:overworld_natural_logs" ] = true,
            [ "minecraft:logs" ] = true,
          },
          count = 64,
          maxCount = 64,
          displayName = "Oak Log",
        },
        {
          name = "minecraft:oak_log",
          itemGroups = {
            {
              id = "buildingBlocks",
              displayName = "Building Blocks",
            },
          },
          tags = {
            [ "minecraft:completes_find_tree_tutorial" ] = true,
            [ "minecraft:oak_logs" ] = true,
            [ "minecraft:logs_that_burn" ] = true,
            [ "minecraft:overworld_natural_logs" ] = true,
            [ "minecraft:logs" ] = true,
          },
          count = 64,
          maxCount = 64,
          displayName = "Oak Log",
        },
        {
          name = "minecraft:oak_log",
          itemGroups = {
            {
              id = "buildingBlocks",
              displayName = "Building Blocks",
            },
          },
          tags = {
            [ "minecraft:completes_find_tree_tutorial" ] = true,
            [ "minecraft:oak_logs" ] = true,
            [ "minecraft:logs_that_burn" ] = true,
            [ "minecraft:overworld_natural_logs" ] = true,
            [ "minecraft:logs" ] = true,
          },
          count = 64,
          maxCount = 64,
          displayName = "Oak Log",
        },
        {
          name = "minecraft:oak_log",
          itemGroups = {
            {
              id = "buildingBlocks",
              displayName = "Building Blocks",
            },
          },
          tags = {
            [ "minecraft:completes_find_tree_tutorial" ] = true,
            [ "minecraft:oak_logs" ] = true,
            [ "minecraft:logs_that_burn" ] = true,
            [ "minecraft:overworld_natural_logs" ] = true,
            [ "minecraft:logs" ] = true,
          },
          count = 64,
          maxCount = 64,
          displayName = "Oak Log",
        },
        {
          name = "minecraft:oak_log",
          itemGroups = {
            {
              id = "buildingBlocks",
              displayName = "Building Blocks",
            },
          },
          tags = {
            [ "minecraft:completes_find_tree_tutorial" ] = true,
            [ "minecraft:oak_logs" ] = true,
            [ "minecraft:logs_that_burn" ] = true,
            [ "minecraft:overworld_natural_logs" ] = true,
            [ "minecraft:logs" ] = true,
          },
          count = 64,
          maxCount = 64,
          displayName = "Oak Log",
        },
        {
          name = "minecraft:oak_log",
          itemGroups = {
            {
              id = "buildingBlocks",
              displayName = "Building Blocks",
            },
          },
          tags = {
            [ "minecraft:completes_find_tree_tutorial" ] = true,
            [ "minecraft:oak_logs" ] = true,
            [ "minecraft:logs_that_burn" ] = true,
            [ "minecraft:overworld_natural_logs" ] = true,
            [ "minecraft:logs" ] = true,
          },
          count = 64,
          maxCount = 64,
          displayName = "Oak Log",
        },
        {
          name = "minecraft:oak_log",
          itemGroups = {
            {
              id = "buildingBlocks",
              displayName = "Building Blocks",
            },
          },
          tags = {
            [ "minecraft:completes_find_tree_tutorial" ] = true,
            [ "minecraft:oak_logs" ] = true,
            [ "minecraft:logs_that_burn" ] = true,
            [ "minecraft:overworld_natural_logs" ] = true,
            [ "minecraft:logs" ] = true,
          },
          count = 64,
          maxCount = 64,
          displayName = "Oak Log",
        },
        {
          name = "minecraft:oak_log",
          itemGroups = {
            {
              id = "buildingBlocks",
              displayName = "Building Blocks",
            },
          },
          tags = {
            [ "minecraft:completes_find_tree_tutorial" ] = true,
            [ "minecraft:oak_logs" ] = true,
            [ "minecraft:logs_that_burn" ] = true,
            [ "minecraft:overworld_natural_logs" ] = true,
            [ "minecraft:logs" ] = true,
          },
          count = 64,
          maxCount = 64,
          displayName = "Oak Log",
        },
        {
          name = "minecraft:oak_log",
          itemGroups = {
            {
              id = "buildingBlocks",
              displayName = "Building Blocks",
            },
          },
          tags = {
            [ "minecraft:completes_find_tree_tutorial" ] = true,
            [ "minecraft:oak_logs" ] = true,
            [ "minecraft:logs_that_burn" ] = true,
            [ "minecraft:overworld_natural_logs" ] = true,
            [ "minecraft:logs" ] = true,
          },
          count = 64,
          maxCount = 64,
          displayName = "Oak Log",
        },
        {
          name = "minecraft:oak_log",
          itemGroups = {
            {
              id = "buildingBlocks",
              displayName = "Building Blocks",
            },
          },
          tags = {
            [ "minecraft:completes_find_tree_tutorial" ] = true,
            [ "minecraft:oak_logs" ] = true,
            [ "minecraft:logs_that_burn" ] = true,
            [ "minecraft:overworld_natural_logs" ] = true,
            [ "minecraft:logs" ] = true,
          },
          count = 64,
          maxCount = 64,
          displayName = "Oak Log",
        },
        {
          name = "minecraft:oak_log",
          itemGroups = {
            {
              id = "buildingBlocks",
              displayName = "Building Blocks",
            },
          },
          tags = {
            [ "minecraft:completes_find_tree_tutorial" ] = true,
            [ "minecraft:oak_logs" ] = true,
            [ "minecraft:logs_that_burn" ] = true,
            [ "minecraft:overworld_natural_logs" ] = true,
            [ "minecraft:logs" ] = true,
          },
          count = 64,
          maxCount = 64,
          displayName = "Oak Log",
        },
        {
          name = "minecraft:oak_log",
          itemGroups = {
            {
              id = "buildingBlocks",
              displayName = "Building Blocks",
            },
          },
          tags = {
            [ "minecraft:completes_find_tree_tutorial" ] = true,
            [ "minecraft:oak_logs" ] = true,
            [ "minecraft:logs_that_burn" ] = true,
            [ "minecraft:overworld_natural_logs" ] = true,
            [ "minecraft:logs" ] = true,
          },
          count = 64,
          maxCount = 64,
          displayName = "Oak Log",
        },
        {
          name = "minecraft:oak_log",
          itemGroups = {
            {
              id = "buildingBlocks",
              displayName = "Building Blocks",
            },
          },
          tags = {
            [ "minecraft:completes_find_tree_tutorial" ] = true,
            [ "minecraft:oak_logs" ] = true,
            [ "minecraft:logs_that_burn" ] = true,
            [ "minecraft:overworld_natural_logs" ] = true,
            [ "minecraft:logs" ] = true,
          },
          count = 64,
          maxCount = 64,
          displayName = "Oak Log",
        },
        {
          name = "minecraft:oak_log",
          itemGroups = {
            {
              id = "buildingBlocks",
              displayName = "Building Blocks",
            },
          },
          tags = {
            [ "minecraft:completes_find_tree_tutorial" ] = true,
            [ "minecraft:oak_logs" ] = true,
            [ "minecraft:logs_that_burn" ] = true,
            [ "minecraft:overworld_natural_logs" ] = true,
            [ "minecraft:logs" ] = true,
          },
          count = 64,
          maxCount = 64,
          displayName = "Oak Log",
        },
        {
          name = "minecraft:oak_log",
          itemGroups = {
            {
              id = "buildingBlocks",
              displayName = "Building Blocks",
            },
          },
          tags = {
            [ "minecraft:completes_find_tree_tutorial" ] = true,
            [ "minecraft:oak_logs" ] = true,
            [ "minecraft:logs_that_burn" ] = true,
            [ "minecraft:overworld_natural_logs" ] = true,
            [ "minecraft:logs" ] = true,
          },
          count = 64,
          maxCount = 64,
          displayName = "Oak Log",
        },
        {
          name = "minecraft:oak_log",
          itemGroups = {
            {
              id = "buildingBlocks",
              displayName = "Building Blocks",
            },
          },
          tags = {
            [ "minecraft:completes_find_tree_tutorial" ] = true,
            [ "minecraft:oak_logs" ] = true,
            [ "minecraft:logs_that_burn" ] = true,
            [ "minecraft:overworld_natural_logs" ] = true,
            [ "minecraft:logs" ] = true,
          },
          count = 64,
          maxCount = 64,
          displayName = "Oak Log",
        },
        {
          name = "minecraft:oak_log",
          itemGroups = {
            {
              id = "buildingBlocks",
              displayName = "Building Blocks",
            },
          },
          tags = {
            [ "minecraft:completes_find_tree_tutorial" ] = true,
            [ "minecraft:oak_logs" ] = true,
            [ "minecraft:logs_that_burn" ] = true,
            [ "minecraft:overworld_natural_logs" ] = true,
            [ "minecraft:logs" ] = true,
          },
          count = 64,
          maxCount = 64,
          displayName = "Oak Log",
        },
        {
          name = "minecraft:oak_log",
          itemGroups = {
            {
              id = "buildingBlocks",
              displayName = "Building Blocks",
            },
          },
          tags = {
            [ "minecraft:completes_find_tree_tutorial" ] = true,
            [ "minecraft:oak_logs" ] = true,
            [ "minecraft:logs_that_burn" ] = true,
            [ "minecraft:overworld_natural_logs" ] = true,
            [ "minecraft:logs" ] = true,
          },
          count = 64,
          maxCount = 64,
          displayName = "Oak Log",
        },
        {
          name = "minecraft:oak_log",
          itemGroups = {
            {
              id = "buildingBlocks",
              displayName = "Building Blocks",
            },
          },
          tags = {
            [ "minecraft:completes_find_tree_tutorial" ] = true,
            [ "minecraft:oak_logs" ] = true,
            [ "minecraft:logs_that_burn" ] = true,
            [ "minecraft:overworld_natural_logs" ] = true,
            [ "minecraft:logs" ] = true,
          },
          count = 64,
          maxCount = 64,
          displayName = "Oak Log",
        },
        {
          name = "minecraft:oak_log",
          itemGroups = {
            {
              id = "buildingBlocks",
              displayName = "Building Blocks",
            },
          },
          tags = {
            [ "minecraft:completes_find_tree_tutorial" ] = true,
            [ "minecraft:oak_logs" ] = true,
            [ "minecraft:logs_that_burn" ] = true,
            [ "minecraft:overworld_natural_logs" ] = true,
            [ "minecraft:logs" ] = true,
          },
          count = 64,
          maxCount = 64,
          displayName = "Oak Log",
        },
        {
          name = "minecraft:cobblestone",
          itemGroups = {
            {
              id = "buildingBlocks",
              displayName = "Building Blocks",
            },
          },
          tags = {
            [ "minecraft:stone_tool_materials" ] = true,
            [ "quark:stone_tool_materials" ] = true,
            [ "forge:cobblestone" ] = true,
            [ "nethersdelight:stone_crafting_materials_no_blackstone" ] = true,
            [ "forge:cobblestone/normal" ] = true,
            [ "minecraft:stone_crafting_materials" ] = true,
          },
          count = 64,
          maxCount = 64,
          displayName = "Cobblestone",
        },
        {
          name = "minecraft:cobblestone",
          itemGroups = {
            {
              id = "buildingBlocks",
              displayName = "Building Blocks",
            },
          },
          tags = {
            [ "minecraft:stone_tool_materials" ] = true,
            [ "quark:stone_tool_materials" ] = true,
            [ "forge:cobblestone" ] = true,
            [ "nethersdelight:stone_crafting_materials_no_blackstone" ] = true,
            [ "forge:cobblestone/normal" ] = true,
            [ "minecraft:stone_crafting_materials" ] = true,
          },
          count = 1,
          maxCount = 64,
          displayName = "Cobblestone",
        },
        {
          name = "minecraft:oak_planks",
          itemGroups = {
            {
              id = "buildingBlocks",
              displayName = "Building Blocks",
            },
          },
          tags = {
            [ "minecraft:planks" ] = true,
          },
          count = 64,
          maxCount = 64,
          displayName = "Oak Planks",
        },
        {
          name = "minecraft:oak_planks",
          itemGroups = {
            {
              id = "buildingBlocks",
              displayName = "Building Blocks",
            },
          },
          tags = {
            [ "minecraft:planks" ] = true,
          },
          count = 64,
          maxCount = 64,
          displayName = "Oak Planks",
        },
        {
          name = "minecraft:oak_planks",
          itemGroups = {
            {
              id = "buildingBlocks",
              displayName = "Building Blocks",
            },
          },
          tags = {
            [ "minecraft:planks" ] = true,
          },
          count = 64,
          maxCount = 64,
          displayName = "Oak Planks",
        },
        {
          name = "minecraft:oak_planks",
          itemGroups = {
            {
              id = "buildingBlocks",
              displayName = "Building Blocks",
            },
          },
          tags = {
            [ "minecraft:planks" ] = true,
          },
          count = 64,
          maxCount = 64,
          displayName = "Oak Planks",
        },
        {
          name = "minecraft:oak_planks",
          itemGroups = {
            {
              id = "buildingBlocks",
              displayName = "Building Blocks",
            },
          },
          tags = {
            [ "minecraft:planks" ] = true,
          },
          count = 64,
          maxCount = 64,
          displayName = "Oak Planks",
        },
        {
          name = "minecraft:oak_planks",
          itemGroups = {
            {
              id = "buildingBlocks",
              displayName = "Building Blocks",
            },
          },
          tags = {
            [ "minecraft:planks" ] = true,
          },
          count = 64,
          maxCount = 64,
          displayName = "Oak Planks",
        },
        {
          name = "minecraft:oak_planks",
          itemGroups = {
            {
              id = "buildingBlocks",
              displayName = "Building Blocks",
            },
          },
          tags = {
            [ "minecraft:planks" ] = true,
          },
          count = 64,
          maxCount = 64,
          displayName = "Oak Planks",
        },
        {
          name = "minecraft:oak_planks",
          itemGroups = {
            {
              id = "buildingBlocks",
              displayName = "Building Blocks",
            },
          },
          tags = {
            [ "minecraft:planks" ] = true,
          },
          count = 64,
          maxCount = 64,
          displayName = "Oak Planks",
        },
        {
          name = "minecraft:oak_planks",
          itemGroups = {
            {
              id = "buildingBlocks",
              displayName = "Building Blocks",
            },
          },
          tags = {
            [ "minecraft:planks" ] = true,
          },
          count = 64,
          maxCount = 64,
          displayName = "Oak Planks",
        },
        {
          name = "minecraft:oak_planks",
          itemGroups = {
            {
              id = "buildingBlocks",
              displayName = "Building Blocks",
            },
          },
          tags = {
            [ "minecraft:planks" ] = true,
          },
          count = 64,
          maxCount = 64,
          displayName = "Oak Planks",
        },
        {
          name = "minecraft:oak_planks",
          itemGroups = {
            {
              id = "buildingBlocks",
              displayName = "Building Blocks",
            },
          },
          tags = {
            [ "minecraft:planks" ] = true,
          },
          count = 64,
          maxCount = 64,
          displayName = "Oak Planks",
        },
        {
          name = "minecraft:oak_planks",
          itemGroups = {
            {
              id = "buildingBlocks",
              displayName = "Building Blocks",
            },
          },
          tags = {
            [ "minecraft:planks" ] = true,
          },
          count = 64,
          maxCount = 64,
          displayName = "Oak Planks",
        },
        {
          name = "minecraft:oak_planks",
          itemGroups = {
            {
              id = "buildingBlocks",
              displayName = "Building Blocks",
            },
          },
          tags = {
            [ "minecraft:planks" ] = true,
          },
          count = 64,
          maxCount = 64,
          displayName = "Oak Planks",
        },
        {
          name = "minecraft:oak_planks",
          itemGroups = {
            {
              id = "buildingBlocks",
              displayName = "Building Blocks",
            },
          },
          tags = {
            [ "minecraft:planks" ] = true,
          },
          count = 64,
          maxCount = 64,
          displayName = "Oak Planks",
        },
        {
          name = "minecraft:oak_planks",
          itemGroups = {
            {
              id = "buildingBlocks",
              displayName = "Building Blocks",
            },
          },
          tags = {
            [ "minecraft:planks" ] = true,
          },
          count = 64,
          maxCount = 64,
          displayName = "Oak Planks",
        },
        {
          name = "minecraft:oak_planks",
          itemGroups = {
            {
              id = "buildingBlocks",
              displayName = "Building Blocks",
            },
          },
          tags = {
            [ "minecraft:planks" ] = true,
          },
          count = 64,
          maxCount = 64,
          displayName = "Oak Planks",
        },
        {
          name = "minecraft:oak_planks",
          itemGroups = {
            {
              id = "buildingBlocks",
              displayName = "Building Blocks",
            },
          },
          tags = {
            [ "minecraft:planks" ] = true,
          },
          count = 64,
          maxCount = 64,
          displayName = "Oak Planks",
        },
        {
          name = "minecraft:oak_planks",
          itemGroups = {
            {
              id = "buildingBlocks",
              displayName = "Building Blocks",
            },
          },
          tags = {
            [ "minecraft:planks" ] = true,
          },
          count = 1,
          maxCount = 64,
          displayName = "Oak Planks",
        },
        {
          maxCount = 64,
          count = 0,
          displayName = "",
        },
        {
          maxCount = 64,
          count = 0,
          displayName = "",
        },
        {
          maxCount = 64,
          count = 0,
          displayName = "",
        },
        {
          maxCount = 64,
          count = 0,
          displayName = "",
        },
        {
          maxCount = 64,
          count = 0,
          displayName = "",
        },
        {
          maxCount = 64,
          count = 0,
          displayName = "",
        },
        {
          maxCount = 64,
          count = 0,
          displayName = "",
        },
        {
          maxCount = 64,
          count = 0,
          displayName = "",
        },
        {
          maxCount = 64,
          count = 0,
          displayName = "",
        },
        {
          maxCount = 64,
          count = 0,
          displayName = "",
        },
        {
          maxCount = 64,
          count = 0,
          displayName = "",
        },
        {
          maxCount = 64,
          count = 0,
          displayName = "",
        },
        {
          maxCount = 64,
          count = 0,
          displayName = "",
        },
        {
          maxCount = 64,
          count = 0,
          displayName = "",
        },
      },
    },
    [ "minecraft:chest_5" ] = {
      empty = {
        slots = {
          17,
          18,
          23,
          24,
          25,
          26,
          27,
        },
        emptyCapacity = 448,
      },
      count = 1433,
      slots = {
        {
          name = "minecraft:cobblestone",
          itemGroups = {
            {
              id = "buildingBlocks",
              displayName = "Building Blocks",
            },
          },
          tags = {
            [ "minecraft:stone_tool_materials" ] = true,
            [ "quark:stone_tool_materials" ] = true,
            [ "forge:cobblestone" ] = true,
            [ "nethersdelight:stone_crafting_materials_no_blackstone" ] = true,
            [ "forge:cobblestone/normal" ] = true,
            [ "minecraft:stone_crafting_materials" ] = true,
          },
          count = 64,
          maxCount = 64,
          displayName = "Cobblestone",
        },
        {
          name = "minecraft:cobblestone",
          itemGroups = {
            {
              id = "buildingBlocks",
              displayName = "Building Blocks",
            },
          },
          tags = {
            [ "minecraft:stone_tool_materials" ] = true,
            [ "quark:stone_tool_materials" ] = true,
            [ "forge:cobblestone" ] = true,
            [ "nethersdelight:stone_crafting_materials_no_blackstone" ] = true,
            [ "forge:cobblestone/normal" ] = true,
            [ "minecraft:stone_crafting_materials" ] = true,
          },
          count = 64,
          maxCount = 64,
          displayName = "Cobblestone",
        },
        {
          name = "minecraft:cobblestone",
          itemGroups = {
            {
              id = "buildingBlocks",
              displayName = "Building Blocks",
            },
          },
          tags = {
            [ "minecraft:stone_tool_materials" ] = true,
            [ "quark:stone_tool_materials" ] = true,
            [ "forge:cobblestone" ] = true,
            [ "nethersdelight:stone_crafting_materials_no_blackstone" ] = true,
            [ "forge:cobblestone/normal" ] = true,
            [ "minecraft:stone_crafting_materials" ] = true,
          },
          count = 64,
          maxCount = 64,
          displayName = "Cobblestone",
        },
        {
          name = "minecraft:cobblestone",
          itemGroups = {
            {
              id = "buildingBlocks",
              displayName = "Building Blocks",
            },
          },
          tags = {
            [ "minecraft:stone_tool_materials" ] = true,
            [ "quark:stone_tool_materials" ] = true,
            [ "forge:cobblestone" ] = true,
            [ "nethersdelight:stone_crafting_materials_no_blackstone" ] = true,
            [ "forge:cobblestone/normal" ] = true,
            [ "minecraft:stone_crafting_materials" ] = true,
          },
          count = 64,
          maxCount = 64,
          displayName = "Cobblestone",
        },
        {
          name = "minecraft:cobblestone",
          itemGroups = {
            {
              id = "buildingBlocks",
              displayName = "Building Blocks",
            },
          },
          tags = {
            [ "minecraft:stone_tool_materials" ] = true,
            [ "quark:stone_tool_materials" ] = true,
            [ "forge:cobblestone" ] = true,
            [ "nethersdelight:stone_crafting_materials_no_blackstone" ] = true,
            [ "forge:cobblestone/normal" ] = true,
            [ "minecraft:stone_crafting_materials" ] = true,
          },
          count = 64,
          maxCount = 64,
          displayName = "Cobblestone",
        },
        {
          name = "minecraft:cobblestone",
          itemGroups = {
            {
              id = "buildingBlocks",
              displayName = "Building Blocks",
            },
          },
          tags = {
            [ "minecraft:stone_tool_materials" ] = true,
            [ "quark:stone_tool_materials" ] = true,
            [ "forge:cobblestone" ] = true,
            [ "nethersdelight:stone_crafting_materials_no_blackstone" ] = true,
            [ "forge:cobblestone/normal" ] = true,
            [ "minecraft:stone_crafting_materials" ] = true,
          },
          count = 64,
          maxCount = 64,
          displayName = "Cobblestone",
        },
        {
          name = "minecraft:cobblestone",
          itemGroups = {
            {
              id = "buildingBlocks",
              displayName = "Building Blocks",
            },
          },
          tags = {
            [ "minecraft:stone_tool_materials" ] = true,
            [ "quark:stone_tool_materials" ] = true,
            [ "forge:cobblestone" ] = true,
            [ "nethersdelight:stone_crafting_materials_no_blackstone" ] = true,
            [ "forge:cobblestone/normal" ] = true,
            [ "minecraft:stone_crafting_materials" ] = true,
          },
          count = 64,
          maxCount = 64,
          displayName = "Cobblestone",
        },
        {
          name = "minecraft:cobblestone",
          itemGroups = {
            {
              id = "buildingBlocks",
              displayName = "Building Blocks",
            },
          },
          tags = {
            [ "minecraft:stone_tool_materials" ] = true,
            [ "quark:stone_tool_materials" ] = true,
            [ "forge:cobblestone" ] = true,
            [ "nethersdelight:stone_crafting_materials_no_blackstone" ] = true,
            [ "forge:cobblestone/normal" ] = true,
            [ "minecraft:stone_crafting_materials" ] = true,
          },
          count = 64,
          maxCount = 64,
          displayName = "Cobblestone",
        },
        {
          name = "minecraft:cobblestone",
          itemGroups = {
            {
              id = "buildingBlocks",
              displayName = "Building Blocks",
            },
          },
          tags = {
            [ "minecraft:stone_tool_materials" ] = true,
            [ "quark:stone_tool_materials" ] = true,
            [ "forge:cobblestone" ] = true,
            [ "nethersdelight:stone_crafting_materials_no_blackstone" ] = true,
            [ "forge:cobblestone/normal" ] = true,
            [ "minecraft:stone_crafting_materials" ] = true,
          },
          count = 64,
          maxCount = 64,
          displayName = "Cobblestone",
        },
        {
          name = "minecraft:cobblestone",
          itemGroups = {
            {
              id = "buildingBlocks",
              displayName = "Building Blocks",
            },
          },
          tags = {
            [ "minecraft:stone_tool_materials" ] = true,
            [ "quark:stone_tool_materials" ] = true,
            [ "forge:cobblestone" ] = true,
            [ "nethersdelight:stone_crafting_materials_no_blackstone" ] = true,
            [ "forge:cobblestone/normal" ] = true,
            [ "minecraft:stone_crafting_materials" ] = true,
          },
          count = 64,
          maxCount = 64,
          displayName = "Cobblestone",
        },
        {
          name = "minecraft:cobblestone",
          itemGroups = {
            {
              id = "buildingBlocks",
              displayName = "Building Blocks",
            },
          },
          tags = {
            [ "minecraft:stone_tool_materials" ] = true,
            [ "quark:stone_tool_materials" ] = true,
            [ "forge:cobblestone" ] = true,
            [ "nethersdelight:stone_crafting_materials_no_blackstone" ] = true,
            [ "forge:cobblestone/normal" ] = true,
            [ "minecraft:stone_crafting_materials" ] = true,
          },
          count = 64,
          maxCount = 64,
          displayName = "Cobblestone",
        },
        {
          name = "minecraft:cobblestone",
          itemGroups = {
            {
              id = "buildingBlocks",
              displayName = "Building Blocks",
            },
          },
          tags = {
            [ "minecraft:stone_tool_materials" ] = true,
            [ "quark:stone_tool_materials" ] = true,
            [ "forge:cobblestone" ] = true,
            [ "nethersdelight:stone_crafting_materials_no_blackstone" ] = true,
            [ "forge:cobblestone/normal" ] = true,
            [ "minecraft:stone_crafting_materials" ] = true,
          },
          count = 64,
          maxCount = 64,
          displayName = "Cobblestone",
        },
        {
          name = "minecraft:cobblestone",
          itemGroups = {
            {
              id = "buildingBlocks",
              displayName = "Building Blocks",
            },
          },
          tags = {
            [ "minecraft:stone_tool_materials" ] = true,
            [ "quark:stone_tool_materials" ] = true,
            [ "forge:cobblestone" ] = true,
            [ "nethersdelight:stone_crafting_materials_no_blackstone" ] = true,
            [ "forge:cobblestone/normal" ] = true,
            [ "minecraft:stone_crafting_materials" ] = true,
          },
          count = 64,
          maxCount = 64,
          displayName = "Cobblestone",
        },
        {
          name = "minecraft:cobblestone",
          itemGroups = {
            {
              id = "buildingBlocks",
              displayName = "Building Blocks",
            },
          },
          tags = {
            [ "minecraft:stone_tool_materials" ] = true,
            [ "quark:stone_tool_materials" ] = true,
            [ "forge:cobblestone" ] = true,
            [ "nethersdelight:stone_crafting_materials_no_blackstone" ] = true,
            [ "forge:cobblestone/normal" ] = true,
            [ "minecraft:stone_crafting_materials" ] = true,
          },
          count = 64,
          maxCount = 64,
          displayName = "Cobblestone",
        },
        {
          name = "minecraft:cobblestone",
          itemGroups = {
            {
              id = "buildingBlocks",
              displayName = "Building Blocks",
            },
          },
          tags = {
            [ "minecraft:stone_tool_materials" ] = true,
            [ "quark:stone_tool_materials" ] = true,
            [ "forge:cobblestone" ] = true,
            [ "nethersdelight:stone_crafting_materials_no_blackstone" ] = true,
            [ "forge:cobblestone/normal" ] = true,
            [ "minecraft:stone_crafting_materials" ] = true,
          },
          count = 64,
          maxCount = 64,
          displayName = "Cobblestone",
        },
        {
          name = "minecraft:cobblestone",
          itemGroups = {
            {
              id = "buildingBlocks",
              displayName = "Building Blocks",
            },
          },
          tags = {
            [ "minecraft:stone_tool_materials" ] = true,
            [ "quark:stone_tool_materials" ] = true,
            [ "forge:cobblestone" ] = true,
            [ "nethersdelight:stone_crafting_materials_no_blackstone" ] = true,
            [ "forge:cobblestone/normal" ] = true,
            [ "minecraft:stone_crafting_materials" ] = true,
          },
          count = 64,
          maxCount = 64,
          displayName = "Cobblestone",
        },
        {
          maxCount = 64,
          count = 0,
          displayName = "",
        },
        {
          maxCount = 64,
          count = 0,
          displayName = "",
        },
        {
          name = "minecraft:oak_log",
          itemGroups = {
            {
              id = "buildingBlocks",
              displayName = "Building Blocks",
            },
          },
          tags = {
            [ "minecraft:completes_find_tree_tutorial" ] = true,
            [ "minecraft:oak_logs" ] = true,
            [ "minecraft:logs_that_burn" ] = true,
            [ "minecraft:overworld_natural_logs" ] = true,
            [ "minecraft:logs" ] = true,
          },
          count = 64,
          maxCount = 64,
          displayName = "Oak Log",
        },
        {
          name = "minecraft:oak_log",
          itemGroups = {
            {
              id = "buildingBlocks",
              displayName = "Building Blocks",
            },
          },
          tags = {
            [ "minecraft:completes_find_tree_tutorial" ] = true,
            [ "minecraft:oak_logs" ] = true,
            [ "minecraft:logs_that_burn" ] = true,
            [ "minecraft:overworld_natural_logs" ] = true,
            [ "minecraft:logs" ] = true,
          },
          count = 64,
          maxCount = 64,
          displayName = "Oak Log",
        },
        {
          name = "minecraft:oak_log",
          itemGroups = {
            {
              id = "buildingBlocks",
              displayName = "Building Blocks",
            },
          },
          tags = {
            [ "minecraft:completes_find_tree_tutorial" ] = true,
            [ "minecraft:oak_logs" ] = true,
            [ "minecraft:logs_that_burn" ] = true,
            [ "minecraft:overworld_natural_logs" ] = true,
            [ "minecraft:logs" ] = true,
          },
          count = 64,
          maxCount = 64,
          displayName = "Oak Log",
        },
        {
          name = "minecraft:oak_log",
          itemGroups = {
            {
              id = "buildingBlocks",
              displayName = "Building Blocks",
            },
          },
          tags = {
            [ "minecraft:completes_find_tree_tutorial" ] = true,
            [ "minecraft:oak_logs" ] = true,
            [ "minecraft:logs_that_burn" ] = true,
            [ "minecraft:overworld_natural_logs" ] = true,
            [ "minecraft:logs" ] = true,
          },
          count = 64,
          maxCount = 64,
          displayName = "Oak Log",
        },
        {
          maxCount = 64,
          count = 0,
          displayName = "",
        },
        {
          maxCount = 64,
          count = 0,
          displayName = "",
        },
        {
          maxCount = 64,
          count = 0,
          displayName = "",
        },
        {
          maxCount = 64,
          count = 0,
          displayName = "",
        },
        {
          maxCount = 64,
          count = 0,
          displayName = "",
        },
        {
          name = "minecraft:oak_log",
          itemGroups = {
            {
              id = "buildingBlocks",
              displayName = "Building Blocks",
            },
          },
          tags = {
            [ "minecraft:completes_find_tree_tutorial" ] = true,
            [ "minecraft:oak_logs" ] = true,
            [ "minecraft:logs_that_burn" ] = true,
            [ "minecraft:overworld_natural_logs" ] = true,
            [ "minecraft:logs" ] = true,
          },
          count = 64,
          maxCount = 64,
          displayName = "Oak Log",
        },
        {
          name = "minecraft:mud",
          itemGroups = {
            {
              id = "buildingBlocks",
              displayName = "Building Blocks",
            },
          },
          tags = {
            [ "minecraft:dirt" ] = true,
          },
          count = 1,
          maxCount = 64,
          displayName = "Mud",
        },
        {
          name = "minecraft:crimson_nylium",
          itemGroups = {
            {
              id = "buildingBlocks",
              displayName = "Building Blocks",
            },
          },
          tags = {},
          count = 1,
          maxCount = 64,
          displayName = "Crimson Nylium",
        },
        {
          name = "minecraft:warped_nylium",
          itemGroups = {
            {
              id = "buildingBlocks",
              displayName = "Building Blocks",
            },
          },
          tags = {},
          count = 1,
          maxCount = 64,
          displayName = "Warped Nylium",
        },
        {
          name = "minecraft:oak_planks",
          itemGroups = {
            {
              id = "buildingBlocks",
              displayName = "Building Blocks",
            },
          },
          tags = {
            [ "minecraft:planks" ] = true,
          },
          count = 64,
          maxCount = 64,
          displayName = "Oak Planks",
        },
        {
          name = "minecraft:spruce_planks",
          itemGroups = {
            {
              id = "buildingBlocks",
              displayName = "Building Blocks",
            },
          },
          tags = {
            [ "minecraft:planks" ] = true,
          },
          count = 1,
          maxCount = 64,
          displayName = "Spruce Planks",
        },
        {
          name = "minecraft:birch_planks",
          itemGroups = {
            {
              id = "buildingBlocks",
              displayName = "Building Blocks",
            },
          },
          tags = {
            [ "minecraft:planks" ] = true,
          },
          count = 1,
          maxCount = 64,
          displayName = "Birch Planks",
        },
        {
          name = "minecraft:jungle_planks",
          itemGroups = {
            {
              id = "buildingBlocks",
              displayName = "Building Blocks",
            },
          },
          tags = {
            [ "minecraft:planks" ] = true,
          },
          count = 1,
          maxCount = 64,
          displayName = "Jungle Planks",
        },
        {
          name = "minecraft:acacia_planks",
          itemGroups = {
            {
              id = "buildingBlocks",
              displayName = "Building Blocks",
            },
          },
          tags = {
            [ "minecraft:planks" ] = true,
          },
          count = 1,
          maxCount = 64,
          displayName = "Acacia Planks",
        },
        {
          name = "minecraft:polished_deepslate",
          itemGroups = {
            {
              id = "buildingBlocks",
              displayName = "Building Blocks",
            },
          },
          tags = {
            [ "bookshelf:stones" ] = true,
            [ "quark:stone_tool_materials" ] = true,
            [ "forge:stone" ] = true,
          },
          count = 1,
          maxCount = 64,
          displayName = "Polished Deepslate",
        },
        {
          name = "minecraft:calcite",
          itemGroups = {
            {
              id = "buildingBlocks",
              displayName = "Building Blocks",
            },
          },
          tags = {
            [ "create:stone_types/calcite" ] = true,
          },
          count = 1,
          maxCount = 64,
          displayName = "Calcite",
        },
        {
          name = "minecraft:tuff",
          itemGroups = {
            {
              id = "buildingBlocks",
              displayName = "Building Blocks",
            },
          },
          tags = {
            [ "bookshelf:stones" ] = true,
            [ "quark:stone_tool_materials" ] = true,
            [ "create:stone_types/tuff" ] = true,
            [ "forge:stone" ] = true,
          },
          count = 1,
          maxCount = 64,
          displayName = "Tuff",
        },
        {
          name = "minecraft:dripstone_block",
          itemGroups = {
            {
              id = "buildingBlocks",
              displayName = "Building Blocks",
            },
          },
          tags = {
            [ "create:stone_types/dripstone" ] = true,
          },
          count = 1,
          maxCount = 64,
          displayName = "Dripstone Block",
        },
        {
          name = "minecraft:grass_block",
          itemGroups = {
            {
              id = "buildingBlocks",
              displayName = "Building Blocks",
            },
          },
          tags = {
            [ "minecraft:dirt" ] = true,
          },
          count = 1,
          maxCount = 64,
          displayName = "Grass Block",
        },
        {
          name = "minecraft:dirt",
          itemGroups = {
            {
              id = "buildingBlocks",
              displayName = "Building Blocks",
            },
          },
          tags = {
            [ "minecraft:dirt" ] = true,
          },
          count = 1,
          maxCount = 64,
          displayName = "Dirt",
        },
        {
          name = "minecraft:coarse_dirt",
          itemGroups = {
            {
              id = "buildingBlocks",
              displayName = "Building Blocks",
            },
          },
          tags = {
            [ "minecraft:dirt" ] = true,
          },
          count = 1,
          maxCount = 64,
          displayName = "Coarse Dirt",
        },
        {
          name = "minecraft:podzol",
          itemGroups = {
            {
              id = "buildingBlocks",
              displayName = "Building Blocks",
            },
          },
          tags = {
            [ "minecraft:dirt" ] = true,
          },
          count = 1,
          maxCount = 64,
          displayName = "Podzol",
        },
        {
          name = "minecraft:rooted_dirt",
          itemGroups = {
            {
              id = "buildingBlocks",
              displayName = "Building Blocks",
            },
          },
          tags = {
            [ "minecraft:dirt" ] = true,
          },
          count = 1,
          maxCount = 64,
          displayName = "Rooted Dirt",
        },
        {
          name = "minecraft:stone",
          itemGroups = {
            {
              id = "buildingBlocks",
              displayName = "Building Blocks",
            },
          },
          tags = {
            [ "bookshelf:stones" ] = true,
            [ "quark:stone_tool_materials" ] = true,
            [ "forge:ore_bearing_ground/stone" ] = true,
            [ "forge:stone" ] = true,
          },
          count = 1,
          maxCount = 64,
          displayName = "Stone",
        },
        {
          name = "minecraft:granite",
          itemGroups = {
            {
              id = "buildingBlocks",
              displayName = "Building Blocks",
            },
          },
          tags = {
            [ "minecraft:stone_tool_materials" ] = true,
            [ "quark:stone_tool_materials" ] = true,
            [ "forge:stone" ] = true,
            [ "bookshelf:stones" ] = true,
            [ "create:stone_types/granite" ] = true,
            [ "minecraft:stone_crafting_materials" ] = true,
          },
          count = 1,
          maxCount = 64,
          displayName = "Granite",
        },
        {
          name = "minecraft:polished_granite",
          itemGroups = {
            {
              id = "buildingBlocks",
              displayName = "Building Blocks",
            },
          },
          tags = {
            [ "bookshelf:stones" ] = true,
            [ "quark:stone_tool_materials" ] = true,
            [ "forge:stone" ] = true,
          },
          count = 1,
          maxCount = 64,
          displayName = "Polished Granite",
        },
        {
          name = "minecraft:diorite",
          itemGroups = {
            {
              id = "buildingBlocks",
              displayName = "Building Blocks",
            },
          },
          tags = {
            [ "minecraft:stone_tool_materials" ] = true,
            [ "quark:stone_tool_materials" ] = true,
            [ "forge:stone" ] = true,
            [ "bookshelf:stones" ] = true,
            [ "create:stone_types/diorite" ] = true,
            [ "minecraft:stone_crafting_materials" ] = true,
          },
          count = 1,
          maxCount = 64,
          displayName = "Diorite",
        },
        {
          name = "minecraft:polished_diorite",
          itemGroups = {
            {
              id = "buildingBlocks",
              displayName = "Building Blocks",
            },
          },
          tags = {
            [ "bookshelf:stones" ] = true,
            [ "quark:stone_tool_materials" ] = true,
            [ "forge:stone" ] = true,
          },
          count = 1,
          maxCount = 64,
          displayName = "Polished Diorite",
        },
        {
          name = "minecraft:andesite",
          itemGroups = {
            {
              id = "buildingBlocks",
              displayName = "Building Blocks",
            },
          },
          tags = {
            [ "minecraft:stone_tool_materials" ] = true,
            [ "quark:stone_tool_materials" ] = true,
            [ "forge:stone" ] = true,
            [ "bookshelf:stones" ] = true,
            [ "create:stone_types/andesite" ] = true,
            [ "minecraft:stone_crafting_materials" ] = true,
          },
          count = 1,
          maxCount = 64,
          displayName = "Andesite",
        },
        {
          name = "minecraft:polished_andesite",
          itemGroups = {
            {
              id = "buildingBlocks",
              displayName = "Building Blocks",
            },
          },
          tags = {
            [ "bookshelf:stones" ] = true,
            [ "quark:stone_tool_materials" ] = true,
            [ "forge:stone" ] = true,
          },
          count = 1,
          maxCount = 64,
          displayName = "Polished Andesite",
        },
        {
          name = "minecraft:deepslate",
          itemGroups = {
            {
              id = "buildingBlocks",
              displayName = "Building Blocks",
            },
          },
          tags = {
            [ "quark:stone_tool_materials" ] = true,
            [ "forge:stone" ] = true,
            [ "bookshelf:stones" ] = true,
            [ "forge:ore_bearing_ground/deepslate" ] = true,
            [ "create:stone_types/deepslate" ] = true,
          },
          count = 1,
          maxCount = 64,
          displayName = "Deepslate",
        },
        {
          name = "minecraft:cobbled_deepslate",
          itemGroups = {
            {
              id = "buildingBlocks",
              displayName = "Building Blocks",
            },
          },
          tags = {
            [ "minecraft:stone_tool_materials" ] = true,
            [ "quark:stone_tool_materials" ] = true,
            [ "forge:cobblestone" ] = true,
            [ "nethersdelight:stone_crafting_materials_no_blackstone" ] = true,
            [ "forge:cobblestone/deepslate" ] = true,
            [ "minecraft:stone_crafting_materials" ] = true,
          },
          count = 1,
          maxCount = 64,
          displayName = "Cobbled Deepslate",
        },
      },
    },
    [ "minecraft:chest_2" ] = {
      empty = {
        slots = {
          1,
          2,
          3,
          4,
          5,
          6,
          7,
          8,
          9,
          10,
          11,
          12,
          13,
          14,
          15,
          16,
          17,
          18,
          19,
          20,
          21,
          22,
          23,
          24,
          25,
          26,
          27,
          28,
          29,
          30,
          31,
          32,
          33,
          34,
          35,
          36,
          37,
          38,
          39,
          40,
          41,
          42,
          43,
          44,
          45,
          46,
          47,
          48,
          49,
          50,
          51,
          52,
          53,
          54,
        },
        emptyCapacity = 3456,
      },
      count = 0,
      slots = {
        {
          maxCount = 64,
          count = 0,
          displayName = "",
        },
        {
          maxCount = 64,
          count = 0,
          displayName = "",
        },
        {
          maxCount = 64,
          count = 0,
          displayName = "",
        },
        {
          maxCount = 64,
          count = 0,
          displayName = "",
        },
        {
          maxCount = 64,
          count = 0,
          displayName = "",
        },
        {
          maxCount = 64,
          count = 0,
          displayName = "",
        },
        {
          maxCount = 64,
          count = 0,
          displayName = "",
        },
        {
          maxCount = 64,
          count = 0,
          displayName = "",
        },
        {
          maxCount = 64,
          count = 0,
          displayName = "",
        },
        {
          maxCount = 64,
          count = 0,
          displayName = "",
        },
        {
          maxCount = 64,
          count = 0,
          displayName = "",
        },
        {
          maxCount = 64,
          count = 0,
          displayName = "",
        },
        {
          maxCount = 64,
          count = 0,
          displayName = "",
        },
        {
          maxCount = 64,
          count = 0,
          displayName = "",
        },
        {
          maxCount = 64,
          count = 0,
          displayName = "",
        },
        {
          maxCount = 64,
          count = 0,
          displayName = "",
        },
        {
          maxCount = 64,
          count = 0,
          displayName = "",
        },
        {
          maxCount = 64,
          count = 0,
          displayName = "",
        },
        {
          maxCount = 64,
          count = 0,
          displayName = "",
        },
        {
          maxCount = 64,
          count = 0,
          displayName = "",
        },
        {
          maxCount = 64,
          count = 0,
          displayName = "",
        },
        {
          maxCount = 64,
          count = 0,
          displayName = "",
        },
        {
          maxCount = 64,
          count = 0,
          displayName = "",
        },
        {
          maxCount = 64,
          count = 0,
          displayName = "",
        },
        {
          maxCount = 64,
          count = 0,
          displayName = "",
        },
        {
          maxCount = 64,
          count = 0,
          displayName = "",
        },
        {
          maxCount = 64,
          count = 0,
          displayName = "",
        },
        {
          maxCount = 64,
          count = 0,
          displayName = "",
        },
        {
          maxCount = 64,
          count = 0,
          displayName = "",
        },
        {
          maxCount = 64,
          count = 0,
          displayName = "",
        },
        {
          maxCount = 64,
          count = 0,
          displayName = "",
        },
        {
          maxCount = 64,
          count = 0,
          displayName = "",
        },
        {
          maxCount = 64,
          count = 0,
          displayName = "",
        },
        {
          maxCount = 64,
          count = 0,
          displayName = "",
        },
        {
          maxCount = 64,
          count = 0,
          displayName = "",
        },
        {
          maxCount = 64,
          count = 0,
          displayName = "",
        },
        {
          maxCount = 64,
          count = 0,
          displayName = "",
        },
        {
          maxCount = 64,
          count = 0,
          displayName = "",
        },
        {
          maxCount = 64,
          count = 0,
          displayName = "",
        },
        {
          maxCount = 64,
          count = 0,
          displayName = "",
        },
        {
          maxCount = 64,
          count = 0,
          displayName = "",
        },
        {
          maxCount = 64,
          count = 0,
          displayName = "",
        },
        {
          maxCount = 64,
          count = 0,
          displayName = "",
        },
        {
          maxCount = 64,
          count = 0,
          displayName = "",
        },
        {
          maxCount = 64,
          count = 0,
          displayName = "",
        },
        {
          maxCount = 64,
          count = 0,
          displayName = "",
        },
        {
          maxCount = 64,
          count = 0,
          displayName = "",
        },
        {
          maxCount = 64,
          count = 0,
          displayName = "",
        },
        {
          maxCount = 64,
          count = 0,
          displayName = "",
        },
        {
          maxCount = 64,
          count = 0,
          displayName = "",
        },
        {
          maxCount = 64,
          count = 0,
          displayName = "",
        },
        {
          maxCount = 64,
          count = 0,
          displayName = "",
        },
        {
          maxCount = 64,
          count = 0,
          displayName = "",
        },
        {
          maxCount = 64,
          count = 0,
          displayName = "",
        },
      },
    },
    [ "create:portable_storage_interface_0" ] = {
      empty = {
        slots = {},
        emptyCapacity = 0,
      },
      count = 0,
      slots = {},
    },
    [ "minecraft:chest_1" ] = {
      empty = {
        slots = {
          1,
          2,
          3,
          4,
          5,
          6,
          7,
          8,
          9,
          10,
          11,
          12,
          13,
          14,
          15,
          16,
          17,
          18,
          19,
          20,
          21,
          22,
          23,
          24,
          25,
          26,
          27,
          28,
          29,
          30,
          31,
          32,
          33,
          34,
          35,
          36,
          37,
          38,
          39,
          40,
          41,
          42,
          43,
          44,
          45,
          46,
          47,
          48,
          49,
          50,
          51,
          52,
          53,
          54,
        },
        emptyCapacity = 3456,
      },
      count = 0,
      slots = {
        {
          maxCount = 64,
          count = 0,
          displayName = "",
        },
        {
          maxCount = 64,
          count = 0,
          displayName = "",
        },
        {
          maxCount = 64,
          count = 0,
          displayName = "",
        },
        {
          maxCount = 64,
          count = 0,
          displayName = "",
        },
        {
          maxCount = 64,
          count = 0,
          displayName = "",
        },
        {
          maxCount = 64,
          count = 0,
          displayName = "",
        },
        {
          maxCount = 64,
          count = 0,
          displayName = "",
        },
        {
          maxCount = 64,
          count = 0,
          displayName = "",
        },
        {
          maxCount = 64,
          count = 0,
          displayName = "",
        },
        {
          maxCount = 64,
          count = 0,
          displayName = "",
        },
        {
          maxCount = 64,
          count = 0,
          displayName = "",
        },
        {
          maxCount = 64,
          count = 0,
          displayName = "",
        },
        {
          maxCount = 64,
          count = 0,
          displayName = "",
        },
        {
          maxCount = 64,
          count = 0,
          displayName = "",
        },
        {
          maxCount = 64,
          count = 0,
          displayName = "",
        },
        {
          maxCount = 64,
          count = 0,
          displayName = "",
        },
        {
          maxCount = 64,
          count = 0,
          displayName = "",
        },
        {
          maxCount = 64,
          count = 0,
          displayName = "",
        },
        {
          maxCount = 64,
          count = 0,
          displayName = "",
        },
        {
          maxCount = 64,
          count = 0,
          displayName = "",
        },
        {
          maxCount = 64,
          count = 0,
          displayName = "",
        },
        {
          maxCount = 64,
          count = 0,
          displayName = "",
        },
        {
          maxCount = 64,
          count = 0,
          displayName = "",
        },
        {
          maxCount = 64,
          count = 0,
          displayName = "",
        },
        {
          maxCount = 64,
          count = 0,
          displayName = "",
        },
        {
          maxCount = 64,
          count = 0,
          displayName = "",
        },
        {
          maxCount = 64,
          count = 0,
          displayName = "",
        },
        {
          maxCount = 64,
          count = 0,
          displayName = "",
        },
        {
          maxCount = 64,
          count = 0,
          displayName = "",
        },
        {
          maxCount = 64,
          count = 0,
          displayName = "",
        },
        {
          maxCount = 64,
          count = 0,
          displayName = "",
        },
        {
          maxCount = 64,
          count = 0,
          displayName = "",
        },
        {
          maxCount = 64,
          count = 0,
          displayName = "",
        },
        {
          maxCount = 64,
          count = 0,
          displayName = "",
        },
        {
          maxCount = 64,
          count = 0,
          displayName = "",
        },
        {
          maxCount = 64,
          count = 0,
          displayName = "",
        },
        {
          maxCount = 64,
          count = 0,
          displayName = "",
        },
        {
          maxCount = 64,
          count = 0,
          displayName = "",
        },
        {
          maxCount = 64,
          count = 0,
          displayName = "",
        },
        {
          maxCount = 64,
          count = 0,
          displayName = "",
        },
        {
          maxCount = 64,
          count = 0,
          displayName = "",
        },
        {
          maxCount = 64,
          count = 0,
          displayName = "",
        },
        {
          maxCount = 64,
          count = 0,
          displayName = "",
        },
        {
          maxCount = 64,
          count = 0,
          displayName = "",
        },
        {
          maxCount = 64,
          count = 0,
          displayName = "",
        },
        {
          maxCount = 64,
          count = 0,
          displayName = "",
        },
        {
          maxCount = 64,
          count = 0,
          displayName = "",
        },
        {
          maxCount = 64,
          count = 0,
          displayName = "",
        },
        {
          maxCount = 64,
          count = 0,
          displayName = "",
        },
        {
          maxCount = 64,
          count = 0,
          displayName = "",
        },
        {
          maxCount = 64,
          count = 0,
          displayName = "",
        },
        {
          maxCount = 64,
          count = 0,
          displayName = "",
        },
        {
          maxCount = 64,
          count = 0,
          displayName = "",
        },
        {
          maxCount = 64,
          count = 0,
          displayName = "",
        },
      },
    },
    [ "minecraft:chest_3" ] = {
      empty = {
        slots = {
          1,
          2,
          3,
          4,
          5,
          6,
          7,
          8,
          9,
          10,
          11,
          12,
          13,
          14,
          15,
          16,
          17,
          18,
          19,
          20,
          21,
          22,
          23,
          24,
          25,
          26,
          27,
          28,
          29,
          30,
          31,
          32,
          33,
          34,
          35,
          36,
          37,
          38,
          39,
          40,
          41,
          42,
          43,
          44,
          45,
          46,
          47,
          48,
          49,
          50,
          51,
          52,
          53,
          54,
        },
        emptyCapacity = 3456,
      },
      count = 0,
      slots = {
        {
          maxCount = 64,
          count = 0,
          displayName = "",
        },
        {
          maxCount = 64,
          count = 0,
          displayName = "",
        },
        {
          maxCount = 64,
          count = 0,
          displayName = "",
        },
        {
          maxCount = 64,
          count = 0,
          displayName = "",
        },
        {
          maxCount = 64,
          count = 0,
          displayName = "",
        },
        {
          maxCount = 64,
          count = 0,
          displayName = "",
        },
        {
          maxCount = 64,
          count = 0,
          displayName = "",
        },
        {
          maxCount = 64,
          count = 0,
          displayName = "",
        },
        {
          maxCount = 64,
          count = 0,
          displayName = "",
        },
        {
          maxCount = 64,
          count = 0,
          displayName = "",
        },
        {
          maxCount = 64,
          count = 0,
          displayName = "",
        },
        {
          maxCount = 64,
          count = 0,
          displayName = "",
        },
        {
          maxCount = 64,
          count = 0,
          displayName = "",
        },
        {
          maxCount = 64,
          count = 0,
          displayName = "",
        },
        {
          maxCount = 64,
          count = 0,
          displayName = "",
        },
        {
          maxCount = 64,
          count = 0,
          displayName = "",
        },
        {
          maxCount = 64,
          count = 0,
          displayName = "",
        },
        {
          maxCount = 64,
          count = 0,
          displayName = "",
        },
        {
          maxCount = 64,
          count = 0,
          displayName = "",
        },
        {
          maxCount = 64,
          count = 0,
          displayName = "",
        },
        {
          maxCount = 64,
          count = 0,
          displayName = "",
        },
        {
          maxCount = 64,
          count = 0,
          displayName = "",
        },
        {
          maxCount = 64,
          count = 0,
          displayName = "",
        },
        {
          maxCount = 64,
          count = 0,
          displayName = "",
        },
        {
          maxCount = 64,
          count = 0,
          displayName = "",
        },
        {
          maxCount = 64,
          count = 0,
          displayName = "",
        },
        {
          maxCount = 64,
          count = 0,
          displayName = "",
        },
        {
          maxCount = 64,
          count = 0,
          displayName = "",
        },
        {
          maxCount = 64,
          count = 0,
          displayName = "",
        },
        {
          maxCount = 64,
          count = 0,
          displayName = "",
        },
        {
          maxCount = 64,
          count = 0,
          displayName = "",
        },
        {
          maxCount = 64,
          count = 0,
          displayName = "",
        },
        {
          maxCount = 64,
          count = 0,
          displayName = "",
        },
        {
          maxCount = 64,
          count = 0,
          displayName = "",
        },
        {
          maxCount = 64,
          count = 0,
          displayName = "",
        },
        {
          maxCount = 64,
          count = 0,
          displayName = "",
        },
        {
          maxCount = 64,
          count = 0,
          displayName = "",
        },
        {
          maxCount = 64,
          count = 0,
          displayName = "",
        },
        {
          maxCount = 64,
          count = 0,
          displayName = "",
        },
        {
          maxCount = 64,
          count = 0,
          displayName = "",
        },
        {
          maxCount = 64,
          count = 0,
          displayName = "",
        },
        {
          maxCount = 64,
          count = 0,
          displayName = "",
        },
        {
          maxCount = 64,
          count = 0,
          displayName = "",
        },
        {
          maxCount = 64,
          count = 0,
          displayName = "",
        },
        {
          maxCount = 64,
          count = 0,
          displayName = "",
        },
        {
          maxCount = 64,
          count = 0,
          displayName = "",
        },
        {
          maxCount = 64,
          count = 0,
          displayName = "",
        },
        {
          maxCount = 64,
          count = 0,
          displayName = "",
        },
        {
          maxCount = 64,
          count = 0,
          displayName = "",
        },
        {
          maxCount = 64,
          count = 0,
          displayName = "",
        },
        {
          maxCount = 64,
          count = 0,
          displayName = "",
        },
        {
          maxCount = 64,
          count = 0,
          displayName = "",
        },
        {
          maxCount = 64,
          count = 0,
          displayName = "",
        },
        {
          maxCount = 64,
          count = 0,
          displayName = "",
        },
      },
    },
  },
}